<?xml version="1.0" encoding="UTF-8"?>
<testng-results ignored="0" total="3" passed="3" failed="0" skipped="0">
  <reporter-output>
  </reporter-output>
  <suite started-at="2023-03-03T23:44:03 MST" name="Default suite" finished-at="2023-03-03T23:44:04 MST" duration-ms="617">
    <groups>
      <group name="cucumber">
        <method signature="AbstractTestNGCucumberTests.runScenario(io.cucumber.testng.PickleWrapper,io.cucumber.testng.FeatureWrapper)[pri:0, instance:com.runners.RunnerForCalculator@1e6a3214]" name="runScenario" class="io.cucumber.testng.AbstractTestNGCucumberTests"/>
      </group> <!-- cucumber -->
    </groups>
    <test started-at="2023-03-03T23:44:03 MST" name="Default test" finished-at="2023-03-03T23:44:04 MST" duration-ms="617">
      <class name="com.runners.RunnerForCalculator">
        <test-method is-config="true" signature="setUpClass(org.testng.ITestContext)[pri:0, instance:com.runners.RunnerForCalculator@1e6a3214]" started-at="2023-03-03T23:44:03 MST" name="setUpClass" finished-at="2023-03-03T23:44:03 MST" duration-ms="402" status="PASS">
          <params>
            <param index="0">
              <value>
                <![CDATA[org.testng.TestRunner@39ce27f2]]>
              </value>
            </param>
          </params>
          <reporter-output>
          </reporter-output>
        </test-method> <!-- setUpClass -->
        <test-method signature="runScenario(io.cucumber.testng.PickleWrapper,io.cucumber.testng.FeatureWrapper)[pri:0, instance:com.runners.RunnerForCalculator@1e6a3214]" started-at="2023-03-03T23:44:03 MST" name="runScenario" description="Runs Cucumber Scenarios" data-provider="scenarios" finished-at="2023-03-03T23:44:03 MST" duration-ms="93" status="PASS">
          <params>
            <param index="0">
              <value>
                <![CDATA["Add two numbers"]]>
              </value>
            </param>
            <param index="1">
              <value>
                <![CDATA["Calculator app"]]>
              </value>
            </param>
          </params>
          <reporter-output>
          </reporter-output>
        </test-method> <!-- runScenario -->
        <test-method signature="runScenario(io.cucumber.testng.PickleWrapper,io.cucumber.testng.FeatureWrapper)[pri:0, instance:com.runners.RunnerForCalculator@1e6a3214]" started-at="2023-03-03T23:44:03 MST" name="runScenario" description="Runs Cucumber Scenarios" data-provider="scenarios" finished-at="2023-03-03T23:44:03 MST" duration-ms="11" status="PASS">
          <params>
            <param index="0">
              <value>
                <![CDATA["subtract two numbers"]]>
              </value>
            </param>
            <param index="1">
              <value>
                <![CDATA["Calculator app"]]>
              </value>
            </param>
          </params>
          <reporter-output>
          </reporter-output>
        </test-method> <!-- runScenario -->
        <test-method signature="runScenario(io.cucumber.testng.PickleWrapper,io.cucumber.testng.FeatureWrapper)[pri:0, instance:com.runners.RunnerForCalculator@1e6a3214]" started-at="2023-03-03T23:44:03 MST" name="runScenario" description="Runs Cucumber Scenarios" data-provider="scenarios" finished-at="2023-03-03T23:44:03 MST" duration-ms="6" status="PASS">
          <params>
            <param index="0">
              <value>
                <![CDATA["multiply two numbers"]]>
              </value>
            </param>
            <param index="1">
              <value>
                <![CDATA["Calculator app"]]>
              </value>
            </param>
          </params>
          <reporter-output>
          </reporter-output>
        </test-method> <!-- runScenario -->
        <test-method is-config="true" signature="tearDownClass()[pri:0, instance:com.runners.RunnerForCalculator@1e6a3214]" started-at="2023-03-03T23:44:03 MST" name="tearDownClass" finished-at="2023-03-03T23:44:04 MST" duration-ms="57" status="PASS">
          <reporter-output>
          </reporter-output>
        </test-method> <!-- tearDownClass -->
      </class> <!-- com.runners.RunnerForCalculator -->
    </test> <!-- Default test -->
  </suite> <!-- Default suite -->
</testng-results>
